 ⨯ Error: Clerk: auth() was called but Clerk can't detect usage of clerkMiddleware(). Please ensure the following:
-  clerkMiddleware() is used in your Next.js Middleware.
- Your Middleware matcher is configured to match this route or page.
- If you are using the src directory, make sure the Middleware file is inside of it.

For more details, see https://clerk.com/docs/quickstarts/nextjs

    at o (C:\Users\hp\OneDrive\Desktop\Raptorflow\apps\web\.next\server\chunks\199.js:7:5470)
    at <unknown> (C:\Users\hp\OneDrive\Desktop\Raptorflow\apps\web\.next\server\chunks\199.js:1:4843)
    at <unknown> (C:\Users\hp\OneDrive\Desktop\Raptorflow\apps\web\.next\server\chunks\199.js:1:4579)
    at v (C:\Users\hp\OneDrive\Desktop\Raptorflow\apps\web\.next\server\chunks\199.js:1:5805)
    at async i (C:\Users\hp\OneDrive\Desktop\Raptorflow\apps\web\.next\server\chunks\732.js:1:6860) {
  digest: '2094516111'
}
 ⨯ Error: Clerk: auth() was called but Clerk can't detect usage of clerkMiddleware(). Please ensure the following:
-  clerkMiddleware() is used in your Next.js Middleware.
- Your Middleware matcher is configured to match this route or page.
- If you are using the src directory, make sure the Middleware file is inside of it.

For more details, see https://clerk.com/docs/quickstarts/nextjs

    at o (C:\Users\hp\OneDrive\Desktop\Raptorflow\apps\web\.next\server\chunks\199.js:7:5470)
    at <unknown> (C:\Users\hp\OneDrive\Desktop\Raptorflow\apps\web\.next\server\chunks\199.js:1:4843)
    at <unknown> (C:\Users\hp\OneDrive\Desktop\Raptorflow\apps\web\.next\server\chunks\199.js:1:4579)
    at v (C:\Users\hp\OneDrive\Desktop\Raptorflow\apps\web\.next\server\chunks\199.js:1:5805)
    at async i (C:\Users\hp\OneDrive\Desktop\Raptorflow\apps\web\.next\server\chunks\732.js:1:6860) {
  digest: '2094516111'
}
 ⨯ Error: Clerk: auth() was called but Clerk can't detect usage of clerkMiddleware(). Please ensure the following:
-  clerkMiddleware() is used in your Next.js Middleware.
- Your Middleware matcher is configured to match this route or page.
- If you are using the src directory, make sure the Middleware file is inside of it.

For more details, see https://clerk.com/docs/quickstarts/nextjs

    at o (C:\Users\hp\OneDrive\Desktop\Raptorflow\apps\web\.next\server\chunks\199.js:7:5470)
    at <unknown> (C:\Users\hp\OneDrive\Desktop\Raptorflow\apps\web\.next\server\chunks\199.js:1:4843)
    at <unknown> (C:\Users\hp\OneDrive\Desktop\Raptorflow\apps\web\.next\server\chunks\199.js:1:4579)
    at v (C:\Users\hp\OneDrive\Desktop\Raptorflow\apps\web\.next\server\chunks\199.js:1:5805)
    at async i (C:\Users\hp\OneDrive\Desktop\Raptorflow\apps\web\.next\server\chunks\732.js:1:6860) {
  digest: '2094516111'
}
 ⨯ Error: Clerk: auth() was called but Clerk can't detect usage of clerkMiddleware(). Please ensure the following:
-  clerkMiddleware() is used in your Next.js Middleware.
- Your Middleware matcher is configured to match this route or page.
- If you are using the src directory, make sure the Middleware file is inside of it.

For more details, see https://clerk.com/docs/quickstarts/nextjs

    at o (C:\Users\hp\OneDrive\Desktop\Raptorflow\apps\web\.next\server\chunks\199.js:7:5470)
    at <unknown> (C:\Users\hp\OneDrive\Desktop\Raptorflow\apps\web\.next\server\chunks\199.js:1:4843)
    at <unknown> (C:\Users\hp\OneDrive\Desktop\Raptorflow\apps\web\.next\server\chunks\199.js:1:4579)
    at v (C:\Users\hp\OneDrive\Desktop\Raptorflow\apps\web\.next\server\chunks\199.js:1:5805)
    at async i (C:\Users\hp\OneDrive\Desktop\Raptorflow\apps\web\.next\server\chunks\732.js:1:6860) {
  digest: '2094516111'
}
 ⨯ Error: Clerk: auth() was called but Clerk can't detect usage of clerkMiddleware(). Please ensure the following:
-  clerkMiddleware() is used in your Next.js Middleware.
- Your Middleware matcher is configured to match this route or page.
- If you are using the src directory, make sure the Middleware file is inside of it.

For more details, see https://clerk.com/docs/quickstarts/nextjs

    at o (C:\Users\hp\OneDrive\Desktop\Raptorflow\apps\web\.next\server\chunks\199.js:7:5470)
    at <unknown> (C:\Users\hp\OneDrive\Desktop\Raptorflow\apps\web\.next\server\chunks\199.js:1:4843)
    at <unknown> (C:\Users\hp\OneDrive\Desktop\Raptorflow\apps\web\.next\server\chunks\199.js:1:4579)
    at v (C:\Users\hp\OneDrive\Desktop\Raptorflow\apps\web\.next\server\chunks\199.js:1:5805)
    at async i (C:\Users\hp\OneDrive\Desktop\Raptorflow\apps\web\.next\server\chunks\732.js:1:6860) {
  digest: '2094516111'
}
 ⨯ Error: Clerk: auth() was called but Clerk can't detect usage of clerkMiddleware(). Please ensure the following:
-  clerkMiddleware() is used in your Next.js Middleware.
- Your Middleware matcher is configured to match this route or page.
- If you are using the src directory, make sure the Middleware file is inside of it.

For more details, see https://clerk.com/docs/quickstarts/nextjs

    at o (C:\Users\hp\OneDrive\Desktop\Raptorflow\apps\web\.next\server\chunks\199.js:7:5470)
    at <unknown> (C:\Users\hp\OneDrive\Desktop\Raptorflow\apps\web\.next\server\chunks\199.js:1:4843)
    at <unknown> (C:\Users\hp\OneDrive\Desktop\Raptorflow\apps\web\.next\server\chunks\199.js:1:4579)
    at v (C:\Users\hp\OneDrive\Desktop\Raptorflow\apps\web\.next\server\chunks\199.js:1:5805)
    at async i (C:\Users\hp\OneDrive\Desktop\Raptorflow\apps\web\.next\server\chunks\732.js:1:6860) {
  digest: '2094516111'
}
 ⨯ Error: Clerk: auth() was called but Clerk can't detect usage of clerkMiddleware(). Please ensure the following:
-  clerkMiddleware() is used in your Next.js Middleware.
- Your Middleware matcher is configured to match this route or page.
- If you are using the src directory, make sure the Middleware file is inside of it.

For more details, see https://clerk.com/docs/quickstarts/nextjs

    at o (C:\Users\hp\OneDrive\Desktop\Raptorflow\apps\web\.next\server\chunks\199.js:7:5470)
    at <unknown> (C:\Users\hp\OneDrive\Desktop\Raptorflow\apps\web\.next\server\chunks\199.js:1:4843)
    at <unknown> (C:\Users\hp\OneDrive\Desktop\Raptorflow\apps\web\.next\server\chunks\199.js:1:4579)
    at v (C:\Users\hp\OneDrive\Desktop\Raptorflow\apps\web\.next\server\chunks\199.js:1:5805)
    at async i (C:\Users\hp\OneDrive\Desktop\Raptorflow\apps\web\.next\server\chunks\732.js:1:6860) {
  digest: '2094516111'
}
 ⨯ Error: Clerk: auth() was called but Clerk can't detect usage of clerkMiddleware(). Please ensure the following:
-  clerkMiddleware() is used in your Next.js Middleware.
- Your Middleware matcher is configured to match this route or page.
- If you are using the src directory, make sure the Middleware file is inside of it.

For more details, see https://clerk.com/docs/quickstarts/nextjs

    at o (C:\Users\hp\OneDrive\Desktop\Raptorflow\apps\web\.next\server\chunks\199.js:7:5470)
    at <unknown> (C:\Users\hp\OneDrive\Desktop\Raptorflow\apps\web\.next\server\chunks\199.js:1:4843)
    at <unknown> (C:\Users\hp\OneDrive\Desktop\Raptorflow\apps\web\.next\server\chunks\199.js:1:4579)
    at v (C:\Users\hp\OneDrive\Desktop\Raptorflow\apps\web\.next\server\chunks\199.js:1:5805)
    at async i (C:\Users\hp\OneDrive\Desktop\Raptorflow\apps\web\.next\server\chunks\732.js:1:6860) {
  digest: '2094516111'
}
 ⨯ Error: Clerk: auth() was called but Clerk can't detect usage of clerkMiddleware(). Please ensure the following:
-  clerkMiddleware() is used in your Next.js Middleware.
- Your Middleware matcher is configured to match this route or page.
- If you are using the src directory, make sure the Middleware file is inside of it.

For more details, see https://clerk.com/docs/quickstarts/nextjs

    at o (C:\Users\hp\OneDrive\Desktop\Raptorflow\apps\web\.next\server\chunks\199.js:7:5470)
    at <unknown> (C:\Users\hp\OneDrive\Desktop\Raptorflow\apps\web\.next\server\chunks\199.js:1:4843)
    at <unknown> (C:\Users\hp\OneDrive\Desktop\Raptorflow\apps\web\.next\server\chunks\199.js:1:4579)
    at v (C:\Users\hp\OneDrive\Desktop\Raptorflow\apps\web\.next\server\chunks\199.js:1:5805)
    at async i (C:\Users\hp\OneDrive\Desktop\Raptorflow\apps\web\.next\server\chunks\732.js:1:6860) {
  digest: '2094516111'
}
 ⨯ Error: Clerk: auth() was called but Clerk can't detect usage of clerkMiddleware(). Please ensure the following:
-  clerkMiddleware() is used in your Next.js Middleware.
- Your Middleware matcher is configured to match this route or page.
- If you are using the src directory, make sure the Middleware file is inside of it.

For more details, see https://clerk.com/docs/quickstarts/nextjs

    at o (C:\Users\hp\OneDrive\Desktop\Raptorflow\apps\web\.next\server\chunks\199.js:7:5470)
    at <unknown> (C:\Users\hp\OneDrive\Desktop\Raptorflow\apps\web\.next\server\chunks\199.js:1:4843)
    at <unknown> (C:\Users\hp\OneDrive\Desktop\Raptorflow\apps\web\.next\server\chunks\199.js:1:4579)
    at v (C:\Users\hp\OneDrive\Desktop\Raptorflow\apps\web\.next\server\chunks\199.js:1:5805)
    at async i (C:\Users\hp\OneDrive\Desktop\Raptorflow\apps\web\.next\server\chunks\732.js:1:6860) {
  digest: '2094516111'
}
 ⨯ Error: Clerk: auth() was called but Clerk can't detect usage of clerkMiddleware(). Please ensure the following:
-  clerkMiddleware() is used in your Next.js Middleware.
- Your Middleware matcher is configured to match this route or page.
- If you are using the src directory, make sure the Middleware file is inside of it.

For more details, see https://clerk.com/docs/quickstarts/nextjs

    at o (C:\Users\hp\OneDrive\Desktop\Raptorflow\apps\web\.next\server\chunks\199.js:7:5470)
    at <unknown> (C:\Users\hp\OneDrive\Desktop\Raptorflow\apps\web\.next\server\chunks\199.js:1:4843)
    at <unknown> (C:\Users\hp\OneDrive\Desktop\Raptorflow\apps\web\.next\server\chunks\199.js:1:4579)
    at v (C:\Users\hp\OneDrive\Desktop\Raptorflow\apps\web\.next\server\chunks\199.js:1:5805)
    at async i (C:\Users\hp\OneDrive\Desktop\Raptorflow\apps\web\.next\server\chunks\732.js:1:6860) {
  digest: '2094516111'
}
 ⨯ Error: Clerk: auth() was called but Clerk can't detect usage of clerkMiddleware(). Please ensure the following:
-  clerkMiddleware() is used in your Next.js Middleware.
- Your Middleware matcher is configured to match this route or page.
- If you are using the src directory, make sure the Middleware file is inside of it.

For more details, see https://clerk.com/docs/quickstarts/nextjs

    at o (C:\Users\hp\OneDrive\Desktop\Raptorflow\apps\web\.next\server\chunks\199.js:7:5470)
    at <unknown> (C:\Users\hp\OneDrive\Desktop\Raptorflow\apps\web\.next\server\chunks\199.js:1:4843)
    at <unknown> (C:\Users\hp\OneDrive\Desktop\Raptorflow\apps\web\.next\server\chunks\199.js:1:4579)
    at v (C:\Users\hp\OneDrive\Desktop\Raptorflow\apps\web\.next\server\chunks\199.js:1:5805)
    at async i (C:\Users\hp\OneDrive\Desktop\Raptorflow\apps\web\.next\server\chunks\732.js:1:6860) {
  digest: '2094516111'
}
 ⨯ Error: Clerk: auth() was called but Clerk can't detect usage of clerkMiddleware(). Please ensure the following:
-  clerkMiddleware() is used in your Next.js Middleware.
- Your Middleware matcher is configured to match this route or page.
- If you are using the src directory, make sure the Middleware file is inside of it.

For more details, see https://clerk.com/docs/quickstarts/nextjs

    at o (C:\Users\hp\OneDrive\Desktop\Raptorflow\apps\web\.next\server\chunks\199.js:7:5470)
    at <unknown> (C:\Users\hp\OneDrive\Desktop\Raptorflow\apps\web\.next\server\chunks\199.js:1:4843)
    at <unknown> (C:\Users\hp\OneDrive\Desktop\Raptorflow\apps\web\.next\server\chunks\199.js:1:4579)
    at v (C:\Users\hp\OneDrive\Desktop\Raptorflow\apps\web\.next\server\chunks\199.js:1:5805)
    at async i (C:\Users\hp\OneDrive\Desktop\Raptorflow\apps\web\.next\server\chunks\732.js:1:6860) {
  digest: '2094516111'
}
 ⨯ Error: Clerk: auth() was called but Clerk can't detect usage of clerkMiddleware(). Please ensure the following:
-  clerkMiddleware() is used in your Next.js Middleware.
- Your Middleware matcher is configured to match this route or page.
- If you are using the src directory, make sure the Middleware file is inside of it.

For more details, see https://clerk.com/docs/quickstarts/nextjs

    at o (C:\Users\hp\OneDrive\Desktop\Raptorflow\apps\web\.next\server\chunks\199.js:7:5470)
    at <unknown> (C:\Users\hp\OneDrive\Desktop\Raptorflow\apps\web\.next\server\chunks\199.js:1:4843)
    at <unknown> (C:\Users\hp\OneDrive\Desktop\Raptorflow\apps\web\.next\server\chunks\199.js:1:4579)
    at v (C:\Users\hp\OneDrive\Desktop\Raptorflow\apps\web\.next\server\chunks\199.js:1:5805)
    at async i (C:\Users\hp\OneDrive\Desktop\Raptorflow\apps\web\.next\server\chunks\732.js:1:6860) {
  digest: '2094516111'
}
 ⨯ Error: Clerk: auth() was called but Clerk can't detect usage of clerkMiddleware(). Please ensure the following:
-  clerkMiddleware() is used in your Next.js Middleware.
- Your Middleware matcher is configured to match this route or page.
- If you are using the src directory, make sure the Middleware file is inside of it.

For more details, see https://clerk.com/docs/quickstarts/nextjs

    at o (C:\Users\hp\OneDrive\Desktop\Raptorflow\apps\web\.next\server\chunks\199.js:7:5470)
    at <unknown> (C:\Users\hp\OneDrive\Desktop\Raptorflow\apps\web\.next\server\chunks\199.js:1:4843)
    at <unknown> (C:\Users\hp\OneDrive\Desktop\Raptorflow\apps\web\.next\server\chunks\199.js:1:4579)
    at v (C:\Users\hp\OneDrive\Desktop\Raptorflow\apps\web\.next\server\chunks\199.js:1:5805)
    at async i (C:\Users\hp\OneDrive\Desktop\Raptorflow\apps\web\.next\server\chunks\732.js:1:6860) {
  digest: '2094516111'
}
 ⨯ Error: Clerk: auth() was called but Clerk can't detect usage of clerkMiddleware(). Please ensure the following:
-  clerkMiddleware() is used in your Next.js Middleware.
- Your Middleware matcher is configured to match this route or page.
- If you are using the src directory, make sure the Middleware file is inside of it.

For more details, see https://clerk.com/docs/quickstarts/nextjs

    at o (C:\Users\hp\OneDrive\Desktop\Raptorflow\apps\web\.next\server\chunks\199.js:7:5470)
    at <unknown> (C:\Users\hp\OneDrive\Desktop\Raptorflow\apps\web\.next\server\chunks\199.js:1:4843)
    at <unknown> (C:\Users\hp\OneDrive\Desktop\Raptorflow\apps\web\.next\server\chunks\199.js:1:4579)
    at v (C:\Users\hp\OneDrive\Desktop\Raptorflow\apps\web\.next\server\chunks\199.js:1:5805)
    at async i (C:\Users\hp\OneDrive\Desktop\Raptorflow\apps\web\.next\server\chunks\732.js:1:6860) {
  digest: '2094516111'
}
 ⨯ Error: Clerk: auth() was called but Clerk can't detect usage of clerkMiddleware(). Please ensure the following:
-  clerkMiddleware() is used in your Next.js Middleware.
- Your Middleware matcher is configured to match this route or page.
- If you are using the src directory, make sure the Middleware file is inside of it.

For more details, see https://clerk.com/docs/quickstarts/nextjs

    at o (C:\Users\hp\OneDrive\Desktop\Raptorflow\apps\web\.next\server\chunks\199.js:7:5470)
    at <unknown> (C:\Users\hp\OneDrive\Desktop\Raptorflow\apps\web\.next\server\chunks\199.js:1:4843)
    at <unknown> (C:\Users\hp\OneDrive\Desktop\Raptorflow\apps\web\.next\server\chunks\199.js:1:4579)
    at v (C:\Users\hp\OneDrive\Desktop\Raptorflow\apps\web\.next\server\chunks\199.js:1:5805)
    at async i (C:\Users\hp\OneDrive\Desktop\Raptorflow\apps\web\.next\server\chunks\732.js:1:6860) {
  digest: '2094516111'
}
 ⨯ Error: Clerk: auth() was called but Clerk can't detect usage of clerkMiddleware(). Please ensure the following:
-  clerkMiddleware() is used in your Next.js Middleware.
- Your Middleware matcher is configured to match this route or page.
- If you are using the src directory, make sure the Middleware file is inside of it.

For more details, see https://clerk.com/docs/quickstarts/nextjs

    at o (C:\Users\hp\OneDrive\Desktop\Raptorflow\apps\web\.next\server\chunks\199.js:7:5470)
    at <unknown> (C:\Users\hp\OneDrive\Desktop\Raptorflow\apps\web\.next\server\chunks\199.js:1:4843)
    at <unknown> (C:\Users\hp\OneDrive\Desktop\Raptorflow\apps\web\.next\server\chunks\199.js:1:4579)
    at v (C:\Users\hp\OneDrive\Desktop\Raptorflow\apps\web\.next\server\chunks\199.js:1:5805)
    at async i (C:\Users\hp\OneDrive\Desktop\Raptorflow\apps\web\.next\server\chunks\732.js:1:6860) {
  digest: '2094516111'
}
 ⨯ Error: Clerk: auth() was called but Clerk can't detect usage of clerkMiddleware(). Please ensure the following:
-  clerkMiddleware() is used in your Next.js Middleware.
- Your Middleware matcher is configured to match this route or page.
- If you are using the src directory, make sure the Middleware file is inside of it.

For more details, see https://clerk.com/docs/quickstarts/nextjs

    at o (C:\Users\hp\OneDrive\Desktop\Raptorflow\apps\web\.next\server\chunks\199.js:7:5470)
    at <unknown> (C:\Users\hp\OneDrive\Desktop\Raptorflow\apps\web\.next\server\chunks\199.js:1:4843)
    at <unknown> (C:\Users\hp\OneDrive\Desktop\Raptorflow\apps\web\.next\server\chunks\199.js:1:4579)
    at v (C:\Users\hp\OneDrive\Desktop\Raptorflow\apps\web\.next\server\chunks\199.js:1:5805)
    at async i (C:\Users\hp\OneDrive\Desktop\Raptorflow\apps\web\.next\server\chunks\732.js:1:6860) {
  digest: '2094516111'
}
 ⨯ Error: Clerk: auth() was called but Clerk can't detect usage of clerkMiddleware(). Please ensure the following:
-  clerkMiddleware() is used in your Next.js Middleware.
- Your Middleware matcher is configured to match this route or page.
- If you are using the src directory, make sure the Middleware file is inside of it.

For more details, see https://clerk.com/docs/quickstarts/nextjs

    at o (C:\Users\hp\OneDrive\Desktop\Raptorflow\apps\web\.next\server\chunks\199.js:7:5470)
    at <unknown> (C:\Users\hp\OneDrive\Desktop\Raptorflow\apps\web\.next\server\chunks\199.js:1:4843)
    at <unknown> (C:\Users\hp\OneDrive\Desktop\Raptorflow\apps\web\.next\server\chunks\199.js:1:4579)
    at v (C:\Users\hp\OneDrive\Desktop\Raptorflow\apps\web\.next\server\chunks\199.js:1:5805)
    at async i (C:\Users\hp\OneDrive\Desktop\Raptorflow\apps\web\.next\server\chunks\732.js:1:6860) {
  digest: '2094516111'
}
 ⨯ Error: Clerk: auth() was called but Clerk can't detect usage of clerkMiddleware(). Please ensure the following:
-  clerkMiddleware() is used in your Next.js Middleware.
- Your Middleware matcher is configured to match this route or page.
- If you are using the src directory, make sure the Middleware file is inside of it.

For more details, see https://clerk.com/docs/quickstarts/nextjs

    at o (C:\Users\hp\OneDrive\Desktop\Raptorflow\apps\web\.next\server\chunks\199.js:7:5470)
    at <unknown> (C:\Users\hp\OneDrive\Desktop\Raptorflow\apps\web\.next\server\chunks\199.js:1:4843)
    at <unknown> (C:\Users\hp\OneDrive\Desktop\Raptorflow\apps\web\.next\server\chunks\199.js:1:4579)
    at v (C:\Users\hp\OneDrive\Desktop\Raptorflow\apps\web\.next\server\chunks\199.js:1:5805)
    at async i (C:\Users\hp\OneDrive\Desktop\Raptorflow\apps\web\.next\server\chunks\732.js:1:6860) {
  digest: '2094516111'
}
 ⨯ Error: Clerk: auth() was called but Clerk can't detect usage of clerkMiddleware(). Please ensure the following:
-  clerkMiddleware() is used in your Next.js Middleware.
- Your Middleware matcher is configured to match this route or page.
- If you are using the src directory, make sure the Middleware file is inside of it.

For more details, see https://clerk.com/docs/quickstarts/nextjs

    at o (C:\Users\hp\OneDrive\Desktop\Raptorflow\apps\web\.next\server\chunks\199.js:7:5470)
    at <unknown> (C:\Users\hp\OneDrive\Desktop\Raptorflow\apps\web\.next\server\chunks\199.js:1:4843)
    at <unknown> (C:\Users\hp\OneDrive\Desktop\Raptorflow\apps\web\.next\server\chunks\199.js:1:4579)
    at v (C:\Users\hp\OneDrive\Desktop\Raptorflow\apps\web\.next\server\chunks\199.js:1:5805)
    at async i (C:\Users\hp\OneDrive\Desktop\Raptorflow\apps\web\.next\server\chunks\732.js:1:6860) {
  digest: '2094516111'
}
 ⨯ Error: Clerk: auth() was called but Clerk can't detect usage of clerkMiddleware(). Please ensure the following:
-  clerkMiddleware() is used in your Next.js Middleware.
- Your Middleware matcher is configured to match this route or page.
- If you are using the src directory, make sure the Middleware file is inside of it.

For more details, see https://clerk.com/docs/quickstarts/nextjs

    at o (C:\Users\hp\OneDrive\Desktop\Raptorflow\apps\web\.next\server\chunks\199.js:7:5470)
    at <unknown> (C:\Users\hp\OneDrive\Desktop\Raptorflow\apps\web\.next\server\chunks\199.js:1:4843)
    at <unknown> (C:\Users\hp\OneDrive\Desktop\Raptorflow\apps\web\.next\server\chunks\199.js:1:4579)
    at v (C:\Users\hp\OneDrive\Desktop\Raptorflow\apps\web\.next\server\chunks\199.js:1:5805)
    at async i (C:\Users\hp\OneDrive\Desktop\Raptorflow\apps\web\.next\server\chunks\732.js:1:6860) {
  digest: '2094516111'
}
 ⨯ Error: Clerk: auth() was called but Clerk can't detect usage of clerkMiddleware(). Please ensure the following:
-  clerkMiddleware() is used in your Next.js Middleware.
- Your Middleware matcher is configured to match this route or page.
- If you are using the src directory, make sure the Middleware file is inside of it.

For more details, see https://clerk.com/docs/quickstarts/nextjs

    at o (C:\Users\hp\OneDrive\Desktop\Raptorflow\apps\web\.next\server\chunks\199.js:7:5470)
    at <unknown> (C:\Users\hp\OneDrive\Desktop\Raptorflow\apps\web\.next\server\chunks\199.js:1:4843)
    at <unknown> (C:\Users\hp\OneDrive\Desktop\Raptorflow\apps\web\.next\server\chunks\199.js:1:4579)
    at v (C:\Users\hp\OneDrive\Desktop\Raptorflow\apps\web\.next\server\chunks\199.js:1:5805)
    at async i (C:\Users\hp\OneDrive\Desktop\Raptorflow\apps\web\.next\server\chunks\732.js:1:6860) {
  digest: '2094516111'
}
 ⨯ Error: Clerk: auth() was called but Clerk can't detect usage of clerkMiddleware(). Please ensure the following:
-  clerkMiddleware() is used in your Next.js Middleware.
- Your Middleware matcher is configured to match this route or page.
- If you are using the src directory, make sure the Middleware file is inside of it.

For more details, see https://clerk.com/docs/quickstarts/nextjs

    at o (C:\Users\hp\OneDrive\Desktop\Raptorflow\apps\web\.next\server\chunks\199.js:7:5470)
    at <unknown> (C:\Users\hp\OneDrive\Desktop\Raptorflow\apps\web\.next\server\chunks\199.js:1:4843)
    at <unknown> (C:\Users\hp\OneDrive\Desktop\Raptorflow\apps\web\.next\server\chunks\199.js:1:4579)
    at v (C:\Users\hp\OneDrive\Desktop\Raptorflow\apps\web\.next\server\chunks\199.js:1:5805)
    at async i (C:\Users\hp\OneDrive\Desktop\Raptorflow\apps\web\.next\server\chunks\732.js:1:6860) {
  digest: '2094516111'
}
 ⨯ Error: Clerk: auth() was called but Clerk can't detect usage of clerkMiddleware(). Please ensure the following:
-  clerkMiddleware() is used in your Next.js Middleware.
- Your Middleware matcher is configured to match this route or page.
- If you are using the src directory, make sure the Middleware file is inside of it.

For more details, see https://clerk.com/docs/quickstarts/nextjs

    at o (C:\Users\hp\OneDrive\Desktop\Raptorflow\apps\web\.next\server\chunks\199.js:7:5470)
    at <unknown> (C:\Users\hp\OneDrive\Desktop\Raptorflow\apps\web\.next\server\chunks\199.js:1:4843)
    at <unknown> (C:\Users\hp\OneDrive\Desktop\Raptorflow\apps\web\.next\server\chunks\199.js:1:4579)
    at v (C:\Users\hp\OneDrive\Desktop\Raptorflow\apps\web\.next\server\chunks\199.js:1:5805)
    at async i (C:\Users\hp\OneDrive\Desktop\Raptorflow\apps\web\.next\server\chunks\732.js:1:6860) {
  digest: '2094516111'
}
 ⨯ Error: Clerk: auth() was called but Clerk can't detect usage of clerkMiddleware(). Please ensure the following:
-  clerkMiddleware() is used in your Next.js Middleware.
- Your Middleware matcher is configured to match this route or page.
- If you are using the src directory, make sure the Middleware file is inside of it.

For more details, see https://clerk.com/docs/quickstarts/nextjs

    at o (C:\Users\hp\OneDrive\Desktop\Raptorflow\apps\web\.next\server\chunks\199.js:7:5470)
    at <unknown> (C:\Users\hp\OneDrive\Desktop\Raptorflow\apps\web\.next\server\chunks\199.js:1:4843)
    at <unknown> (C:\Users\hp\OneDrive\Desktop\Raptorflow\apps\web\.next\server\chunks\199.js:1:4579)
    at v (C:\Users\hp\OneDrive\Desktop\Raptorflow\apps\web\.next\server\chunks\199.js:1:5805)
    at async i (C:\Users\hp\OneDrive\Desktop\Raptorflow\apps\web\.next\server\chunks\732.js:1:6860) {
  digest: '2094516111'
}
 ⨯ Error: Clerk: auth() was called but Clerk can't detect usage of clerkMiddleware(). Please ensure the following:
-  clerkMiddleware() is used in your Next.js Middleware.
- Your Middleware matcher is configured to match this route or page.
- If you are using the src directory, make sure the Middleware file is inside of it.

For more details, see https://clerk.com/docs/quickstarts/nextjs

    at o (C:\Users\hp\OneDrive\Desktop\Raptorflow\apps\web\.next\server\chunks\199.js:7:5470)
    at <unknown> (C:\Users\hp\OneDrive\Desktop\Raptorflow\apps\web\.next\server\chunks\199.js:1:4843)
    at <unknown> (C:\Users\hp\OneDrive\Desktop\Raptorflow\apps\web\.next\server\chunks\199.js:1:4579)
    at v (C:\Users\hp\OneDrive\Desktop\Raptorflow\apps\web\.next\server\chunks\199.js:1:5805)
    at async i (C:\Users\hp\OneDrive\Desktop\Raptorflow\apps\web\.next\server\chunks\732.js:1:6860) {
  digest: '2094516111'
}
 ⨯ Error: Clerk: auth() was called but Clerk can't detect usage of clerkMiddleware(). Please ensure the following:
-  clerkMiddleware() is used in your Next.js Middleware.
- Your Middleware matcher is configured to match this route or page.
- If you are using the src directory, make sure the Middleware file is inside of it.

For more details, see https://clerk.com/docs/quickstarts/nextjs

    at o (C:\Users\hp\OneDrive\Desktop\Raptorflow\apps\web\.next\server\chunks\199.js:7:5470)
    at <unknown> (C:\Users\hp\OneDrive\Desktop\Raptorflow\apps\web\.next\server\chunks\199.js:1:4843)
    at <unknown> (C:\Users\hp\OneDrive\Desktop\Raptorflow\apps\web\.next\server\chunks\199.js:1:4579)
    at v (C:\Users\hp\OneDrive\Desktop\Raptorflow\apps\web\.next\server\chunks\199.js:1:5805)
    at async i (C:\Users\hp\OneDrive\Desktop\Raptorflow\apps\web\.next\server\chunks\732.js:1:6860) {
  digest: '2094516111'
}
 ⨯ Error: Clerk: auth() was called but Clerk can't detect usage of clerkMiddleware(). Please ensure the following:
-  clerkMiddleware() is used in your Next.js Middleware.
- Your Middleware matcher is configured to match this route or page.
- If you are using the src directory, make sure the Middleware file is inside of it.

For more details, see https://clerk.com/docs/quickstarts/nextjs

    at o (C:\Users\hp\OneDrive\Desktop\Raptorflow\apps\web\.next\server\chunks\199.js:7:5470)
    at <unknown> (C:\Users\hp\OneDrive\Desktop\Raptorflow\apps\web\.next\server\chunks\199.js:1:4843)
    at <unknown> (C:\Users\hp\OneDrive\Desktop\Raptorflow\apps\web\.next\server\chunks\199.js:1:4579)
    at v (C:\Users\hp\OneDrive\Desktop\Raptorflow\apps\web\.next\server\chunks\199.js:1:5805)
    at async i (C:\Users\hp\OneDrive\Desktop\Raptorflow\apps\web\.next\server\chunks\732.js:1:6860) {
  digest: '2094516111'
}
